<?xml version="1.0" encoding="UTF-8"?>
<!-- Generated by org.testng.reporters.JUnitXMLReporter -->
<testsuite hostname="Alok-PC" ignored="0" name="simpleTest" tests="4" failures="0" timestamp="25 Jan 2018 19:50:11 GMT" time="181.982" errors="0">
  <testcase name="searchT0users" time="15.725" classname="com.testpages.ManageT0Test"/>
  <testcase name="creatingt0user1" time="21.243" classname="com.testpages.ManageT0Test"/>
  <testcase name="editt0test" time="22.819" classname="com.testpages.ManageT0Test"/>
  <testcase name="lockT0UnlockArchiveDeArchive" time="121.223" classname="com.testpages.ManageT0Test"/>
</testsuite> <!-- simpleTest -->
