<?xml version="1.0" encoding="UTF-8"?>
<!-- Generated by org.testng.reporters.JUnitXMLReporter -->
<testsuite hostname="Alok-PC" ignored="4" name="Default test" tests="1" failures="0" timestamp="16 Feb 2018 05:26:58 GMT" time="0.831" errors="0">
  <testcase name="@BeforeSuite initializeTestBaseSetup" time="0.0" classname="com.utils.TestBase">
    <failure type="org.testng.TestNGException" message="
Parameter &amp;apos;userId&amp;apos; is required by BeforeSuite on method initializeTestBaseSetup but has not been marked @Optional or defined
in D:\Users\Alok\AppData\Local\Temp\testng-eclipse-1573892002\testng-customsuite.xml">
      <![CDATA[org.testng.TestNGException: Parameter 'userId' is required by BeforeSuite on method initializeTestBaseSetup but has not been marked @Optional or definedin D:\Users\Alok\AppData\Local\Temp\testng-eclipse-1573892002\testng-customsuite.xmlat org.testng.internal.Parameters.createParams(Parameters.java:290)at org.testng.internal.Parameters.createParametersForMethod(Parameters.java:359)at org.testng.internal.Parameters.createParameters(Parameters.java:620)at org.testng.internal.Parameters.createConfigurationParameters(Parameters.java:190)at org.testng.internal.Invoker.invokeConfigurations(Invoker.java:209)at org.testng.internal.Invoker.invokeConfigurations(Invoker.java:142)at org.testng.SuiteRunner.privateRun(SuiteRunner.java:401)at org.testng.SuiteRunner.run(SuiteRunner.java:364)at org.testng.SuiteRunnerWorker.runSuite(SuiteRunnerWorker.java:52)at org.testng.SuiteRunnerWorker.run(SuiteRunnerWorker.java:84)at org.testng.TestNG.runSuitesSequentially(TestNG.java:1187)at org.testng.TestNG.runSuitesLocally(TestNG.java:1116)at org.testng.TestNG.runSuites(TestNG.java:1028)at org.testng.TestNG.run(TestNG.java:996)at org.testng.remote.AbstractRemoteTestNG.run(AbstractRemoteTestNG.java:114)at org.testng.remote.RemoteTestNG.initAndRun(RemoteTestNG.java:251)at org.testng.remote.RemoteTestNG.main(RemoteTestNG.java:77)]]>
    </failure>
  </testcase> <!-- @BeforeSuite initializeTestBaseSetup -->
  <testcase name="@BeforeClass thisClassTestStarted" time="0.0" classname="com.utils.TestBase">
    <skipped/>
  </testcase> <!-- @BeforeClass thisClassTestStarted -->
  <testcase name="@BeforeMethod beforeMethod" time="0.0" classname="com.utils.TestBase">
    <skipped/>
  </testcase> <!-- @BeforeMethod beforeMethod -->
  <testcase name="@AfterMethod afterMethod" time="0.0" classname="com.utils.TestBase">
    <skipped/>
  </testcase> <!-- @AfterMethod afterMethod -->
  <testcase name="creat1T1users" time="0.0" classname="com.testpages.ManageT1Test">
    <skipped/>
  </testcase> <!-- creat1T1users -->
  <testcase name="UnlockT1user" time="0.0" classname="com.testpages.ManageT1Test">
    <ignored/>
  </testcase> <!-- UnlockT1user -->
  <testcase name="uploadT2users" time="0.0" classname="com.testpages.ManageT1Test">
    <ignored/>
  </testcase> <!-- uploadT2users -->
  <testcase name="migrateT2user" time="0.0" classname="com.testpages.ManageT1Test">
    <ignored/>
  </testcase> <!-- migrateT2user -->
  <testcase name="LockT1user" time="0.0" classname="com.testpages.ManageT1Test">
    <ignored/>
  </testcase> <!-- LockT1user -->
</testsuite> <!-- Default test -->
