<?xml version="1.0" encoding="UTF-8"?>
<!-- Generated by org.testng.reporters.JUnitXMLReporter -->
<testsuite hostname="BLRRIDGWD22231" ignored="0" name="Test" tests="6" failures="0" timestamp="17 Jan 2018 06:39:18 GMT" time="0.043" errors="0">
  <testcase name="@BeforeClass initializeTestBaseSetup" time="0.0" classname="com.utils.TestBase">
    <failure type="org.testng.TestNGException" message="
Parameter &amp;apos;browserType&amp;apos; is required by BeforeClass on method initializeTestBaseSetup but has not been marked @Optional or defined
in C:\Users\22231\workspacenew\cctv2\testng.xml">
      <![CDATA[org.testng.TestNGException: Parameter 'browserType' is required by BeforeClass on method initializeTestBaseSetup but has not been marked @Optional or definedin C:\Users\22231\workspacenew\cctv2\testng.xml... Removed 23 stack frames]]>
    </failure>
  </testcase> <!-- @BeforeClass initializeTestBaseSetup -->
  <testcase name="editt0test" time="0.0" classname="com.testpages.manageuserstest">
    <skipped/>
  </testcase> <!-- editt0test -->
  <testcase name="searchT0users" time="0.0" classname="com.testpages.manageuserstest">
    <skipped/>
  </testcase> <!-- searchT0users -->
  <testcase name="creatingt0user1" time="0.0" classname="com.testpages.manageuserstest">
    <skipped/>
  </testcase> <!-- creatingt0user1 -->
  <testcase name="uploadT2users" time="0.0" classname="com.testpages.manageuserstest">
    <skipped/>
  </testcase> <!-- uploadT2users -->
  <testcase name="creat1T1users" time="0.0" classname="com.testpages.manageuserstest">
    <skipped/>
  </testcase> <!-- creat1T1users -->
  <testcase name="downloadT2uploadTemplate" time="0.0" classname="com.testpages.manageuserstest">
    <skipped/>
  </testcase> <!-- downloadT2uploadTemplate -->
</testsuite> <!-- Test -->
