<?xml version="1.0" encoding="UTF-8"?>
<testng-results skipped="0" failed="1" ignored="5" total="6" passed="0">
  <reporter-output>
  </reporter-output>
  <suite name="Parallel test suite" duration-ms="108448" started-at="2018-05-01T12:06:38Z" finished-at="2018-05-01T12:08:27Z">
    <groups>
    </groups>
    <test name="CCTVTest" duration-ms="108448" started-at="2018-05-01T12:06:38Z" finished-at="2018-05-01T12:08:27Z">
      <class name="com.testpages.ManageT0Test">
        <test-method status="PASS" signature="thisClassTestStarted()[pri:0, instance:com.testpages.ManageT0Test@2928854b]" name="thisClassTestStarted" is-config="true" duration-ms="16" started-at="2018-05-01T17:36:38Z" finished-at="2018-05-01T17:36:38Z">
          <reporter-output>
          </reporter-output>
        </test-method> <!-- thisClassTestStarted -->
        <test-method status="PASS" signature="driverAndExtentReportSetup(java.lang.reflect.Method)[pri:0, instance:com.testpages.ManageT0Test@2928854b]" name="driverAndExtentReportSetup" is-config="true" duration-ms="51579" started-at="2018-05-01T17:36:39Z" finished-at="2018-05-01T17:37:31Z">
          <params>
            <param index="0">
              <value>
                <![CDATA[public void com.testpages.ManageT0Test.searchT0users(java.lang.String,java.lang.String) throws java.lang.Exception]]>
              </value>
            </param>
          </params>
          <reporter-output>
          </reporter-output>
        </test-method> <!-- driverAndExtentReportSetup -->
        <test-method status="FAIL" signature="searchT0users(java.lang.String, java.lang.String)[pri:2, instance:com.testpages.ManageT0Test@2928854b]" name="searchT0users" duration-ms="54331" started-at="2018-05-01T17:37:31Z" data-provider="getT0SearchData" finished-at="2018-05-01T17:38:25Z">
          <params>
            <param index="0">
              <value>
                <![CDATA[alok]]>
              </value>
            </param>
            <param index="1">
              <value>
                <![CDATA[rai]]>
              </value>
            </param>
          </params>
          <exception class="org.openqa.selenium.TimeoutException">
            <message>
              <![CDATA[Expected condition failed: waiting for visibility of [[ChromeDriver: chrome on WIN8_1 (d8c852b1880c58b07ed7eefe9d1cad37)] -> xpath: (.//*[@ng-show='grid.options.totalItems > 0'])[position()=1]] (tried for 30 second(s) with 500 MILLISECONDS interval)
Build info: version: '3.5.3', revision: 'a88d25fe6b', time: '2017-08-29T12:42:44.417Z'
System info: host: 'BLRPRAFWN22231', ip: '192.168.43.166', os.name: 'Windows 8.1', os.arch: 'amd64', os.version: '6.3', java.version: '1.8.0_77'
Driver info: org.openqa.selenium.chrome.ChromeDriver
Capabilities [{mobileEmulationEnabled=false, hasTouchScreen=false, platform=WIN8_1, acceptSslCerts=false, acceptInsecureCerts=false, webStorageEnabled=true, browserName=chrome, takesScreenshot=true, javascriptEnabled=true, platformName=WIN8_1, setWindowRect=true, unexpectedAlertBehaviour=accept, applicationCacheEnabled=false, rotatable=false, networkConnectionEnabled=false, chrome={chromedriverVersion=2.35.528161 (5b82f2d2aae0ca24b877009200ced9065a772e73), userDataDir=C:\Users\22231\AppData\Local\Temp\scoped_dir2000_22110}, takesHeapSnapshot=true, pageLoadStrategy=normal, unhandledPromptBehavior=accept, databaseEnabled=false, handlesAlerts=true, version=64.0.3282.186, browserConnectionEnabled=false, nativeEvents=true, locationContextEnabled=true, cssSelectorsEnabled=true}]
Session ID: d8c852b1880c58b07ed7eefe9d1cad37]]>
            </message>
            <full-stacktrace>
              <![CDATA[org.openqa.selenium.TimeoutException: Expected condition failed: waiting for visibility of [[ChromeDriver: chrome on WIN8_1 (d8c852b1880c58b07ed7eefe9d1cad37)] -> xpath: (.//*[@ng-show='grid.options.totalItems > 0'])[position()=1]] (tried for 30 second(s) with 500 MILLISECONDS interval)
Build info: version: '3.5.3', revision: 'a88d25fe6b', time: '2017-08-29T12:42:44.417Z'
System info: host: 'BLRPRAFWN22231', ip: '192.168.43.166', os.name: 'Windows 8.1', os.arch: 'amd64', os.version: '6.3', java.version: '1.8.0_77'
Driver info: org.openqa.selenium.chrome.ChromeDriver
Capabilities [{mobileEmulationEnabled=false, hasTouchScreen=false, platform=WIN8_1, acceptSslCerts=false, acceptInsecureCerts=false, webStorageEnabled=true, browserName=chrome, takesScreenshot=true, javascriptEnabled=true, platformName=WIN8_1, setWindowRect=true, unexpectedAlertBehaviour=accept, applicationCacheEnabled=false, rotatable=false, networkConnectionEnabled=false, chrome={chromedriverVersion=2.35.528161 (5b82f2d2aae0ca24b877009200ced9065a772e73), userDataDir=C:\Users\22231\AppData\Local\Temp\scoped_dir2000_22110}, takesHeapSnapshot=true, pageLoadStrategy=normal, unhandledPromptBehavior=accept, databaseEnabled=false, handlesAlerts=true, version=64.0.3282.186, browserConnectionEnabled=false, nativeEvents=true, locationContextEnabled=true, cssSelectorsEnabled=true}]
Session ID: d8c852b1880c58b07ed7eefe9d1cad37
	at org.openqa.selenium.support.ui.WebDriverWait.timeoutException(WebDriverWait.java:80)
	at org.openqa.selenium.support.ui.FluentWait.until(FluentWait.java:232)
	at com.utils.GenericUtilities.waitForVisibilityOfElement(GenericUtilities.java:226)
	at com.utils.GenericUtilities.getText(GenericUtilities.java:322)
	at com.pages.ManageT0.searchT0Users(ManageT0.java:51)
	at com.testpages.ManageT0Test.searchT0users(ManageT0Test.java:60)
	at sun.reflect.NativeMethodAccessorImpl.invoke0(Native Method)
	at sun.reflect.NativeMethodAccessorImpl.invoke(Unknown Source)
	at sun.reflect.DelegatingMethodAccessorImpl.invoke(Unknown Source)
	at java.lang.reflect.Method.invoke(Unknown Source)
	at org.testng.internal.MethodInvocationHelper.invokeMethod(MethodInvocationHelper.java:108)
	at org.testng.internal.Invoker.invokeMethod(Invoker.java:669)
	at org.testng.internal.Invoker.invokeTestMethod(Invoker.java:877)
	at org.testng.internal.Invoker.invokeTestMethods(Invoker.java:1201)
	at org.testng.internal.TestMethodWorker.invokeTestMethods(TestMethodWorker.java:125)
	at org.testng.internal.TestMethodWorker.run(TestMethodWorker.java:109)
	at org.testng.TestRunner.privateRun(TestRunner.java:776)
	at org.testng.TestRunner.run(TestRunner.java:634)
	at org.testng.SuiteRunner.runTest(SuiteRunner.java:425)
	at org.testng.SuiteRunner.access$000(SuiteRunner.java:40)
	at org.testng.SuiteRunner$SuiteWorker.run(SuiteRunner.java:459)
	at org.testng.internal.thread.ThreadUtil$1.call(ThreadUtil.java:52)
	at java.util.concurrent.FutureTask.run(Unknown Source)
	at java.util.concurrent.ThreadPoolExecutor.runWorker(Unknown Source)
	at java.util.concurrent.ThreadPoolExecutor$Worker.run(Unknown Source)
	at java.lang.Thread.run(Unknown Source)
]]>
            </full-stacktrace>
          </exception> <!-- org.openqa.selenium.TimeoutException -->
          <reporter-output>
          </reporter-output>
        </test-method> <!-- searchT0users -->
        <test-method status="PASS" signature="afterMethod(org.testng.ITestResult)[pri:0, instance:com.testpages.ManageT0Test@2928854b]" name="afterMethod" is-config="true" duration-ms="1562" started-at="2018-05-01T17:38:25Z" finished-at="2018-05-01T17:38:27Z">
          <params>
            <param index="0">
              <value>
                <![CDATA[[TestResult name=searchT0users status=FAILURE method=ManageT0Test.searchT0users(java.lang.String, java.lang.String)[pri:2, instance:com.testpages.ManageT0Test@2928854b] output={null}]]]>
              </value>
            </param>
          </params>
          <reporter-output>
          </reporter-output>
        </test-method> <!-- afterMethod -->
        <test-method status="PASS" signature="endTest()[pri:0, instance:com.testpages.ManageT0Test@2928854b]" name="endTest" is-config="true" duration-ms="0" started-at="2018-05-01T17:38:27Z" finished-at="2018-05-01T17:38:27Z">
          <reporter-output>
          </reporter-output>
        </test-method> <!-- endTest -->
        <test-method status="PASS" signature="tearDown()[pri:0, instance:com.testpages.ManageT0Test@2928854b]" name="tearDown" is-config="true" duration-ms="13398" started-at="2018-05-01T17:38:27Z" finished-at="2018-05-01T17:38:40Z">
          <reporter-output>
          </reporter-output>
        </test-method> <!-- tearDown -->
      </class> <!-- com.testpages.ManageT0Test -->
    </test> <!-- CCTVTest -->
  </suite> <!-- Parallel test suite -->
</testng-results>
